MovieSaverApp/app/build/intermediates/manifest_merge_blame_file/debug/manifest-merger-blame-debug-report.txt
1<?xml version="1.0" encoding="utf-8"?>
2<manifest xmlns:android="http://schemas.android.com/apk/res/android"
3    package="com.muradismayilov.martiandeveloper.moviesaverapp"
4    android:versionCode="8"
5    android:versionName="4.4" >
6
7    <uses-sdk
8        android:minSdkVersion="17"
8-->src\main\AndroidManifest.xml
9        android:targetSdkVersion="28" />
9-->src\main\AndroidManifest.xml
10
11    <uses-permission android:name="android.permission.ACCESS_NETWORK_STATE" />
11-->src\main\AndroidManifest.xml:6:5-79
11-->src\main\AndroidManifest.xml:6:22-76
12    <uses-permission android:name="android.permission.INTERNET" />
12-->src\main\AndroidManifest.xml:7:5-67
12-->src\main\AndroidManifest.xml:7:22-64
13    <uses-permission android:name="android.permission.ACCESS_WIFI_STATE" />
13-->src\main\AndroidManifest.xml:8:5-76
13-->src\main\AndroidManifest.xml:8:22-73
14    <uses-permission android:name="com.android.vending.BILLING" />
14-->src\main\AndroidManifest.xml:9:5-67
14-->src\main\AndroidManifest.xml:9:22-64
15    <uses-permission android:name="android.permission.WAKE_LOCK" /> <!-- Required by older versions of Google Play services to create IID tokens -->
15-->[com.google.android.gms:play-services-measurement-api:17.2.2] AndroidManifest.xml:24:5-68
15-->[com.google.android.gms:play-services-measurement-api:17.2.2] AndroidManifest.xml:24:22-65
16    <uses-permission android:name="com.google.android.c2dm.permission.RECEIVE" />
16-->[com.google.firebase:firebase-iid:20.0.2] AndroidManifest.xml:26:5-82
16-->[com.google.firebase:firebase-iid:20.0.2] AndroidManifest.xml:26:22-79
17    <uses-permission android:name="com.google.android.finsky.permission.BIND_GET_INSTALL_REFERRER_SERVICE" />
17-->[com.google.android.gms:play-services-measurement:17.2.2] AndroidManifest.xml:26:5-110
17-->[com.google.android.gms:play-services-measurement:17.2.2] AndroidManifest.xml:26:22-107
18
19    <application
19-->src\main\AndroidManifest.xml:11:5-124:19
20        android:name="com.muradismayilov.martiandeveloper.moviesaverapp.common.tools.App"
20-->src\main\AndroidManifest.xml:12:9-41
21        android:allowBackup="true"
21-->src\main\AndroidManifest.xml:13:9-35
22        android:appComponentFactory="androidx.core.app.CoreComponentFactory"
22-->[androidx.core:core:1.1.0] AndroidManifest.xml:24:18-86
23        android:debuggable="true"
24        android:fullBackupContent="true"
24-->src\main\AndroidManifest.xml:14:9-41
25        android:icon="@mipmap/ic_launcher"
25-->src\main\AndroidManifest.xml:15:9-43
26        android:label="@string/app_name"
26-->src\main\AndroidManifest.xml:16:9-41
27        android:largeHeap="true"
27-->src\main\AndroidManifest.xml:17:9-33
28        android:roundIcon="@mipmap/ic_launcher_round"
28-->src\main\AndroidManifest.xml:18:9-54
29        android:supportsRtl="true"
29-->src\main\AndroidManifest.xml:19:9-35
30        android:theme="@style/AppTheme"
30-->src\main\AndroidManifest.xml:20:9-40
31        android:usesCleartextTraffic="true" >
31-->src\main\AndroidManifest.xml:21:9-44
32        <activity
32-->src\main\AndroidManifest.xml:23:9-27:66
33            android:name="com.muradismayilov.martiandeveloper.moviesaverapp.person.person_activity.PersonFullScreenImageActivity"
33-->src\main\AndroidManifest.xml:24:13-81
34            android:configChanges="orientation|screenSize|keyboardHidden|smallestScreenSize|screenLayout"
34-->src\main\AndroidManifest.xml:25:13-106
35            android:screenOrientation="portrait"
35-->src\main\AndroidManifest.xml:26:13-49
36            android:theme="@style/Theme.AppCompat.Translucent" />
36-->src\main\AndroidManifest.xml:27:13-63
37        <activity
37-->src\main\AndroidManifest.xml:28:9-32:66
38            android:name="com.muradismayilov.martiandeveloper.moviesaverapp.tv.tv_activity.TvFullScreenImageActivity"
38-->src\main\AndroidManifest.xml:29:13-69
39            android:configChanges="orientation|screenSize|keyboardHidden|smallestScreenSize|screenLayout"
39-->src\main\AndroidManifest.xml:30:13-106
40            android:screenOrientation="portrait"
40-->src\main\AndroidManifest.xml:31:13-49
41            android:theme="@style/Theme.AppCompat.Translucent" />
41-->src\main\AndroidManifest.xml:32:13-63
42        <activity
42-->src\main\AndroidManifest.xml:33:9-37:66
43            android:name="com.muradismayilov.martiandeveloper.moviesaverapp.common.activity.FullScreenVideoActivity"
43-->src\main\AndroidManifest.xml:34:13-68
44            android:configChanges="orientation|screenSize|keyboardHidden|smallestScreenSize|screenLayout"
44-->src\main\AndroidManifest.xml:35:13-106
45            android:screenOrientation="portrait"
45-->src\main\AndroidManifest.xml:36:13-49
46            android:theme="@style/Theme.AppCompat.Translucent" />
46-->src\main\AndroidManifest.xml:37:13-63
47        <activity
47-->src\main\AndroidManifest.xml:38:9-42:66
48            android:name="com.muradismayilov.martiandeveloper.moviesaverapp.movie.movie_activity.MovieFullScreenImageActivity"
48-->src\main\AndroidManifest.xml:39:13-78
49            android:configChanges="orientation|screenSize|keyboardHidden|smallestScreenSize|screenLayout"
49-->src\main\AndroidManifest.xml:40:13-106
50            android:screenOrientation="portrait"
50-->src\main\AndroidManifest.xml:41:13-49
51            android:theme="@style/Theme.AppCompat.Translucent" />
51-->src\main\AndroidManifest.xml:42:13-63
52        <activity
52-->src\main\AndroidManifest.xml:43:9-46:47
53            android:name="com.muradismayilov.martiandeveloper.moviesaverapp.auth.LogInActivity"
53-->src\main\AndroidManifest.xml:44:13-47
54            android:screenOrientation="portrait"
54-->src\main\AndroidManifest.xml:45:13-49
55            android:theme="@style/AppTheme" />
55-->src\main\AndroidManifest.xml:46:13-44
56        <activity
56-->src\main\AndroidManifest.xml:47:9-50:47
57            android:name="com.muradismayilov.martiandeveloper.moviesaverapp.profile.profile_activity.ProfileActivityPersonDetail"
57-->src\main\AndroidManifest.xml:48:13-81
58            android:screenOrientation="portrait"
58-->src\main\AndroidManifest.xml:49:13-49
59            android:theme="@style/AppTheme" />
59-->src\main\AndroidManifest.xml:50:13-44
60        <activity
60-->src\main\AndroidManifest.xml:51:9-54:47
61            android:name="com.muradismayilov.martiandeveloper.moviesaverapp.profile.profile_activity.ProfileActivityPerson"
61-->src\main\AndroidManifest.xml:52:13-75
62            android:screenOrientation="portrait"
62-->src\main\AndroidManifest.xml:53:13-49
63            android:theme="@style/AppTheme" />
63-->src\main\AndroidManifest.xml:54:13-44
64        <activity
64-->src\main\AndroidManifest.xml:55:9-58:47
65            android:name="com.muradismayilov.martiandeveloper.moviesaverapp.profile.profile_activity.ProfileActivityTvDetail"
65-->src\main\AndroidManifest.xml:56:13-77
66            android:screenOrientation="portrait"
66-->src\main\AndroidManifest.xml:57:13-49
67            android:theme="@style/AppTheme" />
67-->src\main\AndroidManifest.xml:58:13-44
68        <activity
68-->src\main\AndroidManifest.xml:59:9-62:47
69            android:name="com.muradismayilov.martiandeveloper.moviesaverapp.profile.profile_activity.ProfileActivityTv"
69-->src\main\AndroidManifest.xml:60:13-71
70            android:screenOrientation="portrait"
70-->src\main\AndroidManifest.xml:61:13-49
71            android:theme="@style/AppTheme" />
71-->src\main\AndroidManifest.xml:62:13-44
72        <activity
72-->src\main\AndroidManifest.xml:63:9-66:47
73            android:name="com.muradismayilov.martiandeveloper.moviesaverapp.profile.profile_activity.ProfileActivityMovieDetail"
73-->src\main\AndroidManifest.xml:64:13-80
74            android:screenOrientation="portrait"
74-->src\main\AndroidManifest.xml:65:13-49
75            android:theme="@style/AppTheme" />
75-->src\main\AndroidManifest.xml:66:13-44
76        <activity
76-->src\main\AndroidManifest.xml:67:9-70:47
77            android:name="com.muradismayilov.martiandeveloper.moviesaverapp.profile.profile_activity.ProfileActivityMovie"
77-->src\main\AndroidManifest.xml:68:13-74
78            android:screenOrientation="portrait"
78-->src\main\AndroidManifest.xml:69:13-49
79            android:theme="@style/AppTheme" />
79-->src\main\AndroidManifest.xml:70:13-44
80        <activity
80-->src\main\AndroidManifest.xml:71:9-74:47
81            android:name="com.muradismayilov.martiandeveloper.moviesaverapp.filter.activity.FilterActivityTv"
81-->src\main\AndroidManifest.xml:72:13-61
82            android:screenOrientation="portrait"
82-->src\main\AndroidManifest.xml:73:13-49
83            android:theme="@style/AppTheme" />
83-->src\main\AndroidManifest.xml:74:13-44
84        <activity
84-->src\main\AndroidManifest.xml:75:9-78:47
85            android:name="com.muradismayilov.martiandeveloper.moviesaverapp.filter.activity.FilterActivityMovie"
85-->src\main\AndroidManifest.xml:76:13-64
86            android:screenOrientation="portrait"
86-->src\main\AndroidManifest.xml:77:13-49
87            android:theme="@style/AppTheme" />
87-->src\main\AndroidManifest.xml:78:13-44
88        <activity
88-->src\main\AndroidManifest.xml:79:9-82:47
89            android:name="com.muradismayilov.martiandeveloper.moviesaverapp.search.search_activity.SearchActivity"
89-->src\main\AndroidManifest.xml:80:13-66
90            android:screenOrientation="portrait"
90-->src\main\AndroidManifest.xml:81:13-49
91            android:theme="@style/AppTheme" />
91-->src\main\AndroidManifest.xml:82:13-44
92        <activity
92-->src\main\AndroidManifest.xml:83:9-86:47
93            android:name="com.muradismayilov.martiandeveloper.moviesaverapp.person.person_activity.PersonDetailActivity"
93-->src\main\AndroidManifest.xml:84:13-72
94            android:screenOrientation="portrait"
94-->src\main\AndroidManifest.xml:85:13-49
95            android:theme="@style/AppTheme" />
95-->src\main\AndroidManifest.xml:86:13-44
96        <activity
96-->src\main\AndroidManifest.xml:87:9-90:47
97            android:name="com.muradismayilov.martiandeveloper.moviesaverapp.tv.tv_activity.TvDetailActivity"
97-->src\main\AndroidManifest.xml:88:13-60
98            android:screenOrientation="portrait"
98-->src\main\AndroidManifest.xml:89:13-49
99            android:theme="@style/AppTheme" />
99-->src\main\AndroidManifest.xml:90:13-44
100        <activity
100-->src\main\AndroidManifest.xml:91:9-94:47
101            android:name="com.muradismayilov.martiandeveloper.moviesaverapp.common.activity.AboutActivity"
101-->src\main\AndroidManifest.xml:92:13-58
102            android:screenOrientation="portrait"
102-->src\main\AndroidManifest.xml:93:13-49
103            android:theme="@style/AppTheme" />
103-->src\main\AndroidManifest.xml:94:13-44
104        <activity
104-->src\main\AndroidManifest.xml:95:9-98:47
105            android:name="com.muradismayilov.martiandeveloper.moviesaverapp.movie.movie_activity.MovieDetailActivity"
105-->src\main\AndroidManifest.xml:96:13-69
106            android:screenOrientation="portrait"
106-->src\main\AndroidManifest.xml:97:13-49
107            android:theme="@style/AppTheme" />
107-->src\main\AndroidManifest.xml:98:13-44
108        <activity
108-->src\main\AndroidManifest.xml:99:9-102:47
109            android:name="com.muradismayilov.martiandeveloper.moviesaverapp.common.activity.FeedActivity"
109-->src\main\AndroidManifest.xml:100:13-57
110            android:screenOrientation="portrait"
110-->src\main\AndroidManifest.xml:101:13-49
111            android:theme="@style/AppTheme" />
111-->src\main\AndroidManifest.xml:102:13-44
112        <activity
112-->src\main\AndroidManifest.xml:103:9-106:47
113            android:name="com.muradismayilov.martiandeveloper.moviesaverapp.auth.SignUpActivity"
113-->src\main\AndroidManifest.xml:104:13-48
114            android:screenOrientation="portrait"
114-->src\main\AndroidManifest.xml:105:13-49
115            android:theme="@style/AppTheme" />
115-->src\main\AndroidManifest.xml:106:13-44
116        <activity
116-->src\main\AndroidManifest.xml:107:9-117:20
117            android:name="com.muradismayilov.martiandeveloper.moviesaverapp.common.activity.SplashActivity"
117-->src\main\AndroidManifest.xml:108:13-59
118            android:screenOrientation="portrait"
118-->src\main\AndroidManifest.xml:109:13-49
119            android:theme="@style/AppTheme" >
119-->src\main\AndroidManifest.xml:110:13-44
120            <intent-filter>
120-->src\main\AndroidManifest.xml:111:13-116:29
121                <action android:name="android.intent.action.VIEW" />
121-->src\main\AndroidManifest.xml:112:17-69
121-->src\main\AndroidManifest.xml:112:25-66
122                <action android:name="android.intent.action.MAIN" />
122-->src\main\AndroidManifest.xml:113:17-69
122-->src\main\AndroidManifest.xml:113:25-66
123
124                <category android:name="android.intent.category.LAUNCHER" />
124-->src\main\AndroidManifest.xml:115:17-77
124-->src\main\AndroidManifest.xml:115:27-74
125            </intent-filter>
126        </activity>
127
128        <receiver android:name="com.muradismayilov.martiandeveloper.moviesaverapp.common.notification.AlertReceiver" />
128-->src\main\AndroidManifest.xml:119:9-71
128-->src\main\AndroidManifest.xml:119:19-68
129
130        <meta-data
130-->src\main\AndroidManifest.xml:121:9-123:70
131            android:name="com.google.android.gms.ads.APPLICATION_ID"
131-->src\main\AndroidManifest.xml:122:13-69
132            android:value="ca-app-pub-3531666375863646~4730828215" />
132-->src\main\AndroidManifest.xml:123:13-67
133
134        <activity
134-->[com.google.firebase:firebase-auth:19.2.0] AndroidManifest.xml:24:9-31:50
135            android:name="com.google.firebase.auth.internal.FederatedSignInActivity"
135-->[com.google.firebase:firebase-auth:19.2.0] AndroidManifest.xml:25:13-85
136            android:excludeFromRecents="true"
136-->[com.google.firebase:firebase-auth:19.2.0] AndroidManifest.xml:26:13-46
137            android:exported="true"
137-->[com.google.firebase:firebase-auth:19.2.0] AndroidManifest.xml:27:13-36
138            android:launchMode="singleTask"
138-->[com.google.firebase:firebase-auth:19.2.0] AndroidManifest.xml:28:13-44
139            android:permission="com.google.firebase.auth.api.gms.permission.LAUNCH_FEDERATED_SIGN_IN"
139-->[com.google.firebase:firebase-auth:19.2.0] AndroidManifest.xml:29:13-102
140            android:theme="@android:style/Theme.Translucent.NoTitleBar" />
140-->[com.google.firebase:firebase-auth:19.2.0] AndroidManifest.xml:30:13-72
141
142        <service
142-->[com.google.firebase:firebase-auth:19.2.0] AndroidManifest.xml:33:9-39:19
143            android:name="com.google.firebase.components.ComponentDiscoveryService"
143-->[com.google.firebase:firebase-auth:19.2.0] AndroidManifest.xml:34:13-84
144            android:directBootAware="true"
144-->[com.google.firebase:firebase-common:19.3.0] AndroidManifest.xml:34:13-43
145            android:exported="false" >
145-->[com.google.firebase:firebase-auth:19.2.0] AndroidManifest.xml:35:13-37
146            <meta-data
146-->[com.google.firebase:firebase-auth:19.2.0] AndroidManifest.xml:36:13-38:85
147                android:name="com.google.firebase.components:com.google.firebase.auth.FirebaseAuthRegistrar"
147-->[com.google.firebase:firebase-auth:19.2.0] AndroidManifest.xml:37:17-109
148                android:value="com.google.firebase.components.ComponentRegistrar" />
148-->[com.google.firebase:firebase-auth:19.2.0] AndroidManifest.xml:38:17-82
149            <meta-data
149-->[com.google.firebase:firebase-database:19.2.1] AndroidManifest.xml:32:13-34:85
150                android:name="com.google.firebase.components:com.google.firebase.database.DatabaseRegistrar"
150-->[com.google.firebase:firebase-database:19.2.1] AndroidManifest.xml:33:17-109
151                android:value="com.google.firebase.components.ComponentRegistrar" />
151-->[com.google.firebase:firebase-database:19.2.1] AndroidManifest.xml:34:17-82
152            <meta-data
152-->[com.google.android.gms:play-services-measurement-api:17.2.2] AndroidManifest.xml:30:13-32:85
153                android:name="com.google.firebase.components:com.google.firebase.analytics.connector.internal.AnalyticsConnectorRegistrar"
153-->[com.google.android.gms:play-services-measurement-api:17.2.2] AndroidManifest.xml:31:17-139
154                android:value="com.google.firebase.components.ComponentRegistrar" />
154-->[com.google.android.gms:play-services-measurement-api:17.2.2] AndroidManifest.xml:32:17-82
155            <meta-data
155-->[com.google.firebase:firebase-iid:20.0.2] AndroidManifest.xml:32:13-34:85
156                android:name="com.google.firebase.components:com.google.firebase.iid.Registrar"
156-->[com.google.firebase:firebase-iid:20.0.2] AndroidManifest.xml:33:17-96
157                android:value="com.google.firebase.components.ComponentRegistrar" />
157-->[com.google.firebase:firebase-iid:20.0.2] AndroidManifest.xml:34:17-82
158        </service>
159
160        <meta-data
160-->[com.android.billingclient:billing:2.1.0] AndroidManifest.xml:13:9-15:37
161            android:name="com.google.android.play.billingclient.version"
161-->[com.android.billingclient:billing:2.1.0] AndroidManifest.xml:14:13-73
162            android:value="2.1.0" />
162-->[com.android.billingclient:billing:2.1.0] AndroidManifest.xml:15:13-34
163
164        <activity
164-->[com.android.billingclient:billing:2.1.0] AndroidManifest.xml:17:9-20:75
165            android:name="com.android.billingclient.api.ProxyBillingActivity"
165-->[com.android.billingclient:billing:2.1.0] AndroidManifest.xml:18:13-78
166            android:configChanges="keyboard|keyboardHidden|screenLayout|screenSize|orientation"
166-->[com.android.billingclient:billing:2.1.0] AndroidManifest.xml:19:13-96
167            android:theme="@android:style/Theme.Translucent.NoTitleBar" />
167-->[com.android.billingclient:billing:2.1.0] AndroidManifest.xml:20:13-72
168
169        <receiver
169-->[com.google.firebase:firebase-iid:20.0.2] AndroidManifest.xml:37:9-44:20
170            android:name="com.google.firebase.iid.FirebaseInstanceIdReceiver"
170-->[com.google.firebase:firebase-iid:20.0.2] AndroidManifest.xml:38:13-78
171            android:exported="true"
171-->[com.google.firebase:firebase-iid:20.0.2] AndroidManifest.xml:39:13-36
172            android:permission="com.google.android.c2dm.permission.SEND" >
172-->[com.google.firebase:firebase-iid:20.0.2] AndroidManifest.xml:40:13-73
173            <intent-filter>
173-->[com.google.firebase:firebase-iid:20.0.2] AndroidManifest.xml:41:13-43:29
174                <action android:name="com.google.android.c2dm.intent.RECEIVE" />
174-->[com.google.firebase:firebase-iid:20.0.2] AndroidManifest.xml:42:17-81
174-->[com.google.firebase:firebase-iid:20.0.2] AndroidManifest.xml:42:25-78
175            </intent-filter>
176        </receiver>
177
178        <activity
178-->[com.google.android.gms:play-services-base:17.1.0] AndroidManifest.xml:23:9-26:75
179            android:name="com.google.android.gms.common.api.GoogleApiActivity"
179-->[com.google.android.gms:play-services-base:17.1.0] AndroidManifest.xml:24:13-79
180            android:exported="false"
180-->[com.google.android.gms:play-services-base:17.1.0] AndroidManifest.xml:25:13-37
181            android:theme="@android:style/Theme.Translucent.NoTitleBar" />
181-->[com.google.android.gms:play-services-base:17.1.0] AndroidManifest.xml:26:13-72
182
183        <provider
183-->[com.google.firebase:firebase-common:19.3.0] AndroidManifest.xml:26:9-30:39
184            android:name="com.google.firebase.provider.FirebaseInitProvider"
184-->[com.google.firebase:firebase-common:19.3.0] AndroidManifest.xml:27:13-77
185            android:authorities="com.muradismayilov.martiandeveloper.moviesaverapp.firebaseinitprovider"
185-->[com.google.firebase:firebase-common:19.3.0] AndroidManifest.xml:28:13-72
186            android:exported="false"
186-->[com.google.firebase:firebase-common:19.3.0] AndroidManifest.xml:29:13-37
187            android:initOrder="100" />
187-->[com.google.firebase:firebase-common:19.3.0] AndroidManifest.xml:30:13-36
188
189        <receiver
189-->[com.google.android.gms:play-services-measurement:17.2.2] AndroidManifest.xml:29:9-33:20
190            android:name="com.google.android.gms.measurement.AppMeasurementReceiver"
190-->[com.google.android.gms:play-services-measurement:17.2.2] AndroidManifest.xml:30:13-85
191            android:enabled="true"
191-->[com.google.android.gms:play-services-measurement:17.2.2] AndroidManifest.xml:31:13-35
192            android:exported="false" >
192-->[com.google.android.gms:play-services-measurement:17.2.2] AndroidManifest.xml:32:13-37
193        </receiver>
194        <receiver
194-->[com.google.android.gms:play-services-measurement:17.2.2] AndroidManifest.xml:34:9-42:20
195            android:name="com.google.android.gms.measurement.AppMeasurementInstallReferrerReceiver"
195-->[com.google.android.gms:play-services-measurement:17.2.2] AndroidManifest.xml:35:13-100
196            android:enabled="true"
196-->[com.google.android.gms:play-services-measurement:17.2.2] AndroidManifest.xml:36:13-35
197            android:exported="true"
197-->[com.google.android.gms:play-services-measurement:17.2.2] AndroidManifest.xml:37:13-36
198            android:permission="android.permission.INSTALL_PACKAGES" >
198-->[com.google.android.gms:play-services-measurement:17.2.2] AndroidManifest.xml:38:13-69
199            <intent-filter>
199-->[com.google.android.gms:play-services-measurement:17.2.2] AndroidManifest.xml:39:13-41:29
200                <action android:name="com.android.vending.INSTALL_REFERRER" />
200-->[com.google.android.gms:play-services-measurement:17.2.2] AndroidManifest.xml:40:17-79
200-->[com.google.android.gms:play-services-measurement:17.2.2] AndroidManifest.xml:40:25-76
201            </intent-filter>
202        </receiver>
203
204        <service
204-->[com.google.android.gms:play-services-measurement:17.2.2] AndroidManifest.xml:44:9-47:40
205            android:name="com.google.android.gms.measurement.AppMeasurementService"
205-->[com.google.android.gms:play-services-measurement:17.2.2] AndroidManifest.xml:45:13-84
206            android:enabled="true"
206-->[com.google.android.gms:play-services-measurement:17.2.2] AndroidManifest.xml:46:13-35
207            android:exported="false" />
207-->[com.google.android.gms:play-services-measurement:17.2.2] AndroidManifest.xml:47:13-37
208        <service
208-->[com.google.android.gms:play-services-measurement:17.2.2] AndroidManifest.xml:48:9-52:72
209            android:name="com.google.android.gms.measurement.AppMeasurementJobService"
209-->[com.google.android.gms:play-services-measurement:17.2.2] AndroidManifest.xml:49:13-87
210            android:enabled="true"
210-->[com.google.android.gms:play-services-measurement:17.2.2] AndroidManifest.xml:50:13-35
211            android:exported="false"
211-->[com.google.android.gms:play-services-measurement:17.2.2] AndroidManifest.xml:51:13-37
212            android:permission="android.permission.BIND_JOB_SERVICE" /> <!-- Include the AdActivity and InAppPurchaseActivity configChanges and themes. -->
212-->[com.google.android.gms:play-services-measurement:17.2.2] AndroidManifest.xml:52:13-69
213        <activity
213-->[com.google.android.gms:play-services-ads-lite:18.3.0] AndroidManifest.xml:29:9-33:64
214            android:name="com.google.android.gms.ads.AdActivity"
214-->[com.google.android.gms:play-services-ads-lite:18.3.0] AndroidManifest.xml:30:13-65
215            android:configChanges="keyboard|keyboardHidden|orientation|screenLayout|uiMode|screenSize|smallestScreenSize"
215-->[com.google.android.gms:play-services-ads-lite:18.3.0] AndroidManifest.xml:31:13-122
216            android:exported="false"
216-->[com.google.android.gms:play-services-ads-lite:18.3.0] AndroidManifest.xml:32:13-37
217            android:theme="@android:style/Theme.Translucent" />
217-->[com.google.android.gms:play-services-ads-lite:18.3.0] AndroidManifest.xml:33:13-61
218
219        <provider
219-->[com.google.android.gms:play-services-ads-lite:18.3.0] AndroidManifest.xml:35:9-39:39
220            android:name="com.google.android.gms.ads.MobileAdsInitProvider"
220-->[com.google.android.gms:play-services-ads-lite:18.3.0] AndroidManifest.xml:36:13-76
221            android:authorities="com.muradismayilov.martiandeveloper.moviesaverapp.mobileadsinitprovider"
221-->[com.google.android.gms:play-services-ads-lite:18.3.0] AndroidManifest.xml:37:13-73
222            android:exported="false"
222-->[com.google.android.gms:play-services-ads-lite:18.3.0] AndroidManifest.xml:38:13-37
223            android:initOrder="100" />
223-->[com.google.android.gms:play-services-ads-lite:18.3.0] AndroidManifest.xml:39:13-36
224
225        <meta-data
225-->[com.google.android.gms:play-services-basement:17.0.0] AndroidManifest.xml:23:9-25:69
226            android:name="com.google.android.gms.version"
226-->[com.google.android.gms:play-services-basement:17.0.0] AndroidManifest.xml:24:13-58
227            android:value="@integer/google_play_services_version" />
227-->[com.google.android.gms:play-services-basement:17.0.0] AndroidManifest.xml:25:13-66
228    </application>
229
230</manifest>